<?xml version="1.0" encoding="UTF-8"?>
<!-- Generated by org.testng.reporters.JUnitReportReporter -->
<testsuite hostname="Saurav" failures="0" tests="1" name="org.test.WebpageTest" time="0.012" errors="0" timestamp="2025-02-08T11:19:37 IST" skipped="0">
  <testcase classname="org.test.WebpageTest" name="titleValidationTest" time="0.012"/>
</testsuite> <!-- org.test.WebpageTest -->
